2025-11-12T12:58:00.651Z INFO SharedStateManager initialized
2025-11-12T12:58:00.652Z INFO Is remote: false
2025-11-12T12:58:00.653Z INFO Starting Local. Installation path: undefined
2025-11-12T12:58:00.653Z INFO [MainProvider] Creating new MainProvider instance...
2025-11-12T12:58:00.656Z INFO Installation path exists: c:\Users\schit\Documents\SkillBridge\skillbridge\src\app
2025-11-12T12:58:00.670Z INFO Initializing database with URL: file:C:\Users\schit\AppData\Local\Temp\pythagora-temp\pythagora.db
2025-11-12T12:58:00.674Z INFO Database file exists, skipping prisma generate/push for faster startup
2025-11-12T12:58:00.678Z INFO Database initialized successfully
2025-11-12T12:58:00.679Z INFO [Migration] Checking for database migration...
2025-11-12T12:58:02.295Z INFO [MainProvider] First file opened, creating split view
2025-11-12T12:58:02.295Z INFO splitCodeView: Creating split layout with code on left, Pythagora on right
2025-11-12T12:58:02.558Z INFO [Migration] No migration needed
2025-11-12T12:58:02.957Z INFO splitCodeView: Split layout created successfully
2025-11-12T12:58:11.893Z INFO Closing entire Pythagora extension...
2025-11-12T12:58:11.908Z ERROR Error closing extension
Error: Canceled
Stack: Canceled: Canceled
    at new MR (file:///c:/Users/schit/AppData/Local/Programs/Microsoft%20VS%20Code/resources/app/out/vs/workbench/api/node/extensionHostProcess.js:29:116391)
    at U4.U (file:///c:/Users/schit/AppData/Local/Programs/Microsoft%20VS%20Code/resources/app/out/vs/workbench/api/node/extensionHostProcess.js:29:121001)
    at s.<computed>.n.charCodeAt.s.<computed> (file:///c:/Users/schit/AppData/Local/Programs/Microsoft%20VS%20Code/resources/app/out/vs/workbench/api/node/extensionHostProcess.js:29:118495)
    at iy.g (file:///c:/Users/schit/AppData/Local/Programs/Microsoft%20VS%20Code/resources/app/out/vs/workbench/api/node/extensionHostProcess.js:114:41101)
    at iy.executeCommand (file:///c:/Users/schit/AppData/Local/Programs/Microsoft%20VS%20Code/resources/app/out/vs/workbench/api/node/extensionHostProcess.js:114:40605)
    at Object.executeCommand (file:///c:/Users/schit/AppData/Local/Programs/Microsoft%20VS%20Code/resources/app/out/vs/workbench/api/node/extensionHostProcess.js:201:105071)
    at closeEntirePythagoraExtension (c:\Users\schit\.vscode\extensions\pythagoratechnologies.pythagora-vs-code-2.5.33\out\extension.js:536:31)
    at Object.deactivate (c:\Users\schit\.vscode\extensions\pythagoratechnologies.pythagora-vs-code-2.5.33\out\extension.js:427:15)
    at SZ.eb (file:///c:/Users/schit/AppData/Local/Programs/Microsoft%20VS%20Code/resources/app/out/vs/workbench/api/node/extensionHostProcess.js:118:11797)
    at file:///c:/Users/schit/AppData/Local/Programs/Microsoft%20VS%20Code/resources/app/out/vs/workbench/api/node/extensionHostProcess.js:118:9947
    at Array.map (<anonymous>)
    at SZ.$ (file:///c:/Users/schit/AppData/Local/Programs/Microsoft%20VS%20Code/resources/app/out/vs/workbench/api/node/extensionHostProcess.js:118:9935)
    at SZ.terminate (file:///c:/Users/schit/AppData/Local/Programs/Microsoft%20VS%20Code/resources/app/out/vs/workbench/api/node/extensionHostProcess.js:118:10178)
    at H3.terminate (file:///c:/Users/schit/AppData/Local/Programs/Microsoft%20VS%20Code/resources/app/out/vs/workbench/api/node/extensionHostProcess.js:120:914)
    at Ss (file:///c:/Users/schit/AppData/Local/Programs/Microsoft%20VS%20Code/resources/app/out/vs/workbench/api/node/extensionHostProcess.js:393:10409)
    at MessagePortMain.<anonymous> (file:///c:/Users/schit/AppData/Local/Programs/Microsoft%20VS%20Code/resources/app/out/vs/workbench/api/node/extensionHostProcess.js:393:6948)
    at MessagePortMain.emit (node:events:519:28)
    at MessagePortMain._internalPort.emit (node:electron/js2c/utility_init:2:2949)
    at Object.callbackTrampoline (node:internal/async_hooks:130:17)
Extra context: {
  "message": "Canceled"
}
2025-11-12T12:58:26.738Z INFO SharedStateManager initialized
2025-11-12T12:58:26.739Z INFO Is remote: false
2025-11-12T12:58:26.740Z INFO Starting Local. Installation path: undefined
2025-11-12T12:58:26.741Z INFO [MainProvider] Creating new MainProvider instance...
2025-11-12T12:58:26.742Z INFO Installation path exists: c:\Users\schit\Documents\SkillBridge\skillbridge\src\app
2025-11-12T12:58:26.743Z INFO Initializing database with URL: file:C:\Users\schit\AppData\Local\Temp\pythagora-temp\pythagora.db
2025-11-12T12:58:26.745Z INFO Database file exists, skipping prisma generate/push for faster startup
2025-11-12T12:58:26.746Z INFO Database initialized successfully
2025-11-12T12:58:26.746Z INFO [Migration] Checking for database migration...
2025-11-12T12:58:26.887Z INFO [Migration] No migration needed
2025-11-12T12:58:27.915Z INFO Closing entire Pythagora extension...
2025-11-12T12:58:27.935Z ERROR Error closing extension
Error: Canceled
Stack: Canceled: Canceled
    at new MR (file:///c:/Users/schit/AppData/Local/Programs/Microsoft%20VS%20Code/resources/app/out/vs/workbench/api/node/extensionHostProcess.js:29:116391)
    at U4.U (file:///c:/Users/schit/AppData/Local/Programs/Microsoft%20VS%20Code/resources/app/out/vs/workbench/api/node/extensionHostProcess.js:29:121001)
    at s.<computed>.n.charCodeAt.s.<computed> (file:///c:/Users/schit/AppData/Local/Programs/Microsoft%20VS%20Code/resources/app/out/vs/workbench/api/node/extensionHostProcess.js:29:118495)
    at iy.g (file:///c:/Users/schit/AppData/Local/Programs/Microsoft%20VS%20Code/resources/app/out/vs/workbench/api/node/extensionHostProcess.js:114:41101)
    at iy.executeCommand (file:///c:/Users/schit/AppData/Local/Programs/Microsoft%20VS%20Code/resources/app/out/vs/workbench/api/node/extensionHostProcess.js:114:40605)
    at Object.executeCommand (file:///c:/Users/schit/AppData/Local/Programs/Microsoft%20VS%20Code/resources/app/out/vs/workbench/api/node/extensionHostProcess.js:201:105071)
    at closeEntirePythagoraExtension (c:\Users\schit\.vscode\extensions\pythagoratechnologies.pythagora-vs-code-2.5.33\out\extension.js:536:31)
    at Object.deactivate (c:\Users\schit\.vscode\extensions\pythagoratechnologies.pythagora-vs-code-2.5.33\out\extension.js:427:15)
    at SZ.eb (file:///c:/Users/schit/AppData/Local/Programs/Microsoft%20VS%20Code/resources/app/out/vs/workbench/api/node/extensionHostProcess.js:118:11797)
    at file:///c:/Users/schit/AppData/Local/Programs/Microsoft%20VS%20Code/resources/app/out/vs/workbench/api/node/extensionHostProcess.js:118:9947
    at Array.map (<anonymous>)
    at SZ.$ (file:///c:/Users/schit/AppData/Local/Programs/Microsoft%20VS%20Code/resources/app/out/vs/workbench/api/node/extensionHostProcess.js:118:9935)
    at SZ.terminate (file:///c:/Users/schit/AppData/Local/Programs/Microsoft%20VS%20Code/resources/app/out/vs/workbench/api/node/extensionHostProcess.js:118:10178)
    at H3.terminate (file:///c:/Users/schit/AppData/Local/Programs/Microsoft%20VS%20Code/resources/app/out/vs/workbench/api/node/extensionHostProcess.js:120:914)
    at Ss (file:///c:/Users/schit/AppData/Local/Programs/Microsoft%20VS%20Code/resources/app/out/vs/workbench/api/node/extensionHostProcess.js:393:10409)
    at MessagePortMain.<anonymous> (file:///c:/Users/schit/AppData/Local/Programs/Microsoft%20VS%20Code/resources/app/out/vs/workbench/api/node/extensionHostProcess.js:393:6948)
    at MessagePortMain.emit (node:events:519:28)
    at MessagePortMain._internalPort.emit (node:electron/js2c/utility_init:2:2949)
Extra context: {
  "message": "Canceled"
}
